[?1049h[22;0;0t[22;0;0t[?1h=[H[2J]11;?[?2004h[?25h[?25l(B[m[H[2J]112[1 q]112[1 q[?1002h[?1006h[?1004h]112[1 q[38;2;216;222;233m[K
[K
[K
[K
[K
[K
[K
[K
[K
[K
[K
[K
[K
[K
[K
[K
[K
[K
[K
[K
[K
[K
[K
[J[H(B[m[38;2;46;52;64m[48;2;163;190;140m 1 spaces.c  (B[m[38;2;163;190;140m[48;2;62;68;82m(B[m[38;2;216;222;233m[48;2;62;68;82m                                                       (B[m[38;2;163;190;140m[48;2;62;68;82m(B[m[38;2;46;52;64m[48;2;163;190;140m Buffers 
(B[m[38;2;76;86;106m  1 (B[m[38;2;129;161;193m#include (B[m[38;2;143;188;187m<stdio.h>(B[m[38;2;216;222;233m[K
(B[m[38;2;216;222;233m2   (B[m[38;2;129;161;193m[48;2;59;66;82mvoid(B[m[38;2;216;222;233m[48;2;59;66;82m (B[m[38;2;136;192;208m[48;2;59;66;82mout(B[m[38;2;216;222;233m[48;2;59;66;82m();                                                                 
(B[m[38;2;76;86;106m  1 (B[m[38;2;129;161;193mint(B[m[38;2;216;222;233m (B[m[38;2;136;192;208mmain(B[m[38;2;216;222;233m((B[m[38;2;129;161;193mint(B[m[38;2;216;222;233m argc, (B[m[38;2;129;161;193mchar(B[m[38;2;216;222;233m (B[m[38;2;129;161;193mconst(B[m[38;2;216;222;233m* argv[])[K
(B[m[38;2;76;86;106m  2 (B[m[38;2;216;222;233m{[K
(B[m[38;2;76;86;106m  3 (B[m[38;2;216;222;233m  (B[m[38;2;136;192;208mout(B[m[38;2;216;222;233m();[K
(B[m[38;2;76;86;106m  4 (B[m[38;2;216;222;233m  (B[0;1m[38;2;129;161;193mreturn(B[m[38;2;216;222;233m (B[m[38;2;180;142;173m0(B[m[38;2;216;222;233m;[K
(B[m[38;2;76;86;106m  5 (B[m[38;2;216;222;233m}[K
(B[m[38;2;76;86;106m  6 (B[m[38;2;129;161;193mvoid(B[m[38;2;216;222;233m (B[m[38;2;136;192;208mout(B[m[38;2;216;222;233m() {[K
(B[m[38;2;76;86;106m  7 (B[m[38;2;216;222;233m  (B[m[38;2;136;192;208mprintf(B[m[38;2;216;222;233m((B[m[38;2;163;190;140m"(B[m[38;2;235;203;139m\t(B[m[38;2;163;190;140mmin(B[m[38;2;235;203;139m\n(B[m[38;2;163;190;140m"(B[m[38;2;216;222;233m);[K
(B[m[38;2;76;86;106m  8 (B[m[38;2;216;222;233m  (B[m[38;2;136;192;208mprintf(B[m[38;2;216;222;233m((B[m[38;2;163;190;140m"    min(B[m[38;2;235;203;139m\n(B[m[38;2;163;190;140m"(B[m[38;2;216;222;233m);[K
(B[m[38;2;76;86;106m  9 (B[m[38;2;216;222;233m}[K
(B[m[38;2;59;66;82m~[K
~[K
~[K
~[K
~[K
~[K
~[K
~[K
~[K
~[K
(B[0;1m[38;2;46;52;64m[48;2;163;190;140m NORMAL 1 (B[m[38;2;163;190;140m[48;2;62;68;82m(B[m[38;2;216;222;233m[48;2;62;68;82m - 154 bytes spaces.c (B[m[38;2;62;68;82m[48;2;67;76;94m(B[m[38;2;216;222;233m[48;2;67;76;94m c (B[m[38;2;67;76;94m[48;2;62;68;82m(B[m[38;2;216;222;233m[48;2;62;68;82m ❖ ⓢ  (B[m[38;2;62;68;82m[48;2;76;86;106m(B[m[38;2;216;222;233m[48;2;76;86;106m                 (B[m[38;2;62;68;82m[48;2;76;86;106m(B[m[38;2;216;222;233m[48;2;62;68;82m  | utf-8 (B[m[38;2;67;76;94m[48;2;62;68;82m(B[m[38;2;216;222;233m[48;2;67;76;94m All [3;15H[?25h